<?xml version="1.0" encoding="UTF-8"?>
<!-- Generated by org.testng.reporters.JUnitReportReporter -->
<testsuite skipped="0" hostname="DESKTOP-MD2112N" name="com.automation.APIautomationFramework.testcases.DeleteCustomerTest" tests="1" failures="0" timestamp="22 Jul 2020 01:16:09 GMT" time="1.862" errors="1">
  <testcase name="DeleteCustomer" time="1.862" classname="com.automation.APIautomationFramework.testcases.DeleteCustomerTest">
    <error type="org.json.JSONException" message="JSONObject[&quot;deleted&quot;] not a string.">
      <![CDATA[org.json.JSONException: JSONObject["deleted"] not a string.
at org.json.JSONObject.getString(JSONObject.java:840)
at com.automation.APIautomationFramework.utilities.TestUtil.getJsonKeyValue(TestUtil.java:21)
at com.automation.APIautomationFramework.testcases.DeleteCustomerTest.DeleteCustomer(DeleteCustomerTest.java:69)
at sun.reflect.NativeMethodAccessorImpl.invoke0(Native Method)
at sun.reflect.NativeMethodAccessorImpl.invoke(NativeMethodAccessorImpl.java:62)
at sun.reflect.DelegatingMethodAccessorImpl.invoke(DelegatingMethodAccessorImpl.java:43)
at java.lang.reflect.Method.invoke(Method.java:498)
at org.testng.internal.MethodInvocationHelper.invokeMethod(MethodInvocationHelper.java:124)
at org.testng.internal.Invoker.invokeMethod(Invoker.java:583)
at org.testng.internal.Invoker.invokeTestMethod(Invoker.java:719)
at org.testng.internal.TestMethodWithDataProviderMethodWorker.call(TestMethodWithDataProviderMethodWorker.java:71)
at org.testng.internal.TestMethodWithDataProviderMethodWorker.call(TestMethodWithDataProviderMethodWorker.java:14)
at java.util.concurrent.FutureTask.run(FutureTask.java:266)
at java.util.concurrent.Executors$RunnableAdapter.call(Executors.java:511)
at java.util.concurrent.FutureTask.run(FutureTask.java:266)
at java.util.concurrent.ThreadPoolExecutor.runWorker(ThreadPoolExecutor.java:1149)
at java.util.concurrent.ThreadPoolExecutor$Worker.run(ThreadPoolExecutor.java:624)
at java.lang.Thread.run(Thread.java:748)
]]>
    </error>
  </testcase> <!-- DeleteCustomer -->
</testsuite> <!-- com.automation.APIautomationFramework.testcases.DeleteCustomerTest -->
